#
# There is insufficient memory for the Java Runtime Environment to continue.
# Native memory allocation (mmap) failed to map 65536 bytes for Failed to commit area from 0x0000017727c20000 to 0x0000017727c30000 of length 65536.
# Possible reasons:
#   The system is out of physical RAM or swap space
#   The process is running with CompressedOops enabled, and the Java Heap may be blocking the growth of the native heap
# Possible solutions:
#   Reduce memory load on the system
#   Increase physical memory or swap space
#   Check if swap backing store is full
#   Decrease Java heap size (-Xmx/-Xms)
#   Decrease number of Java threads
#   Decrease Java thread stack sizes (-Xss)
#   Set larger code cache with -XX:ReservedCodeCacheSize=
# This output file may be truncated or incomplete.
#
#  Out of Memory Error (./src/hotspot/os/windows/os_windows.cpp:3301), pid=12176, tid=11860
#
# JRE version:  (11.0.10) (build )
# Java VM: OpenJDK 64-Bit Server VM (11.0.10+0-b96-7249189, mixed mode, sharing, tiered, compressed oops, g1 gc, windows-amd64)
# No core dump will be written. Minidumps are not enabled by default on client versions of Windows
#

---------------  S U M M A R Y ------------

Command Line: 

Host: Intel(R) Core(TM) i5-10210U CPU @ 1.60GHz, 8 cores, 15G,  Windows 10 , 64 bit Build 22000 (10.0.22000.708)
Time: Thu Sep  8 12:03:32 2022 SE Asia Standard Time elapsed time: 0.019380 seconds (0d 0h 0m 0s)

---------------  T H R E A D  ---------------

Current thread (0x0000017714dd3800):  JavaThread "Unknown thread" [_thread_in_vm, id=11860, stack(0x0000006e94400000,0x0000006e94500000)]

Stack: [0x0000006e94400000,0x0000006e94500000]
Native frames: (J=compiled Java code, j=interpreted, Vv=VM code, C=native code)
V  [jvm.dll+0x5ecfaa]
V  [jvm.dll+0x722bd5]
V  [jvm.dll+0x72412d]
V  [jvm.dll+0x7247e3]
V  [jvm.dll+0x242928]
V  [jvm.dll+0x5ea374]
V  [jvm.dll+0x5df425]
V  [jvm.dll+0x2fdebb]
V  [jvm.dll+0x2fde2a]
V  [jvm.dll+0x2fdd02]
V  [jvm.dll+0x302d05]
V  [jvm.dll+0x34b2d9]
V  [jvm.dll+0x34b9a6]
V  [jvm.dll+0x34b3a3]
V  [jvm.dll+0x2d8888]
V  [jvm.dll+0x2d9a37]
V  [jvm.dll+0x701737]
V  [jvm.dll+0x702f2c]
V  [jvm.dll+0x3587d9]
V  [jvm.dll+0x6e4fae]
V  [jvm.dll+0x3c0be3]
V  [jvm.dll+0x3c2e91]
C  [jli.dll+0x5373]
C  [ucrtbase.dll+0x26c0c]
C  [KERNEL32.DLL+0x154e0]
C  [ntdll.dll+0x485b]


---------------  P R O C E S S  ---------------

Threads class SMR info:
_java_thread_list=0x00000177126263e0, length=0, elements={
}

Java Threads: ( => current thread )

Other Threads:
  0x0000017714de9800 GCTaskThread "GC Thread#0" [stack: 0x0000006e94500000,0x0000006e94600000] [id=6740]
  0x0000017714e4a800 ConcurrentGCThread "G1 Main Marker" [stack: 0x0000006e94600000,0x0000006e94700000] [id=16096]
  0x0000017714e4c800 ConcurrentGCThread "G1 Conc#0" [stack: 0x0000006e94700000,0x0000006e94800000] [id=17880]

[error occurred during error reporting (printing all threads), id 0xc0000005, EXCEPTION_ACCESS_VIOLATION (0xc0000005) at pc=0x00007ff97e619107]

VM state:not at safepoint (not fully initialized)

VM Mutex/Monitor currently owned by a thread:  ([mutex/lock_event])
[0x0000017714dd0a10] Heap_lock - owner thread: 0x0000017714dd3800

Heap address: 0x0000000703a00000, size: 4038 MB, Compressed Oops mode: Non-zero based: 0x0000000703a00000
Narrow klass base: 0x0000000000000000, Narrow klass shift: 0

GC Heap History (0 events):
No events

Deoptimization events (0 events):
No events

Classes redefined (0 events):
No events

Internal exceptions (0 events):
No events

Events (1 events):
Event: 0.010 Loaded shared library C:\Program Files\Android\Android Studio\jre\bin\zip.dll


Dynamic libraries:
0x00007ff786080000 - 0x00007ff78608a000 	C:\Program Files\Android\Android Studio\jre\bin\java.EXE
0x00007ffa26520000 - 0x00007ffa26729000 	C:\WINDOWS\SYSTEM32\ntdll.dll
0x00007ffa250b0000 - 0x00007ffa2516d000 	C:\WINDOWS\System32\KERNEL32.DLL
0x00007ffa23af0000 - 0x00007ffa23e6d000 	C:\WINDOWS\System32\KERNELBASE.dll
0x00007ffa23ef0000 - 0x00007ffa24001000 	C:\WINDOWS\System32\ucrtbase.dll
0x00007ffa0b4a0000 - 0x00007ffa0b4b7000 	C:\Program Files\Android\Android Studio\jre\bin\VCRUNTIME140.dll
0x00007ffa0b4c0000 - 0x00007ffa0b4d9000 	C:\Program Files\Android\Android Studio\jre\bin\jli.dll
0x00007ffa25170000 - 0x00007ffa2531d000 	C:\WINDOWS\System32\USER32.dll
0x00007ffa23ac0000 - 0x00007ffa23ae6000 	C:\WINDOWS\System32\win32u.dll
0x00007ffa25410000 - 0x00007ffa25439000 	C:\WINDOWS\System32\GDI32.dll
0x00007ffa0ec70000 - 0x00007ffa0ef15000 	C:\WINDOWS\WinSxS\amd64_microsoft.windows.common-controls_6595b64144ccf1df_6.0.22000.120_none_9d947278b86cc467\COMCTL32.dll
0x00007ffa240b0000 - 0x00007ffa241c8000 	C:\WINDOWS\System32\gdi32full.dll
0x00007ffa257b0000 - 0x00007ffa25853000 	C:\WINDOWS\System32\msvcrt.dll
0x00007ffa24010000 - 0x00007ffa240ad000 	C:\WINDOWS\System32\msvcp_win.dll
0x00007ffa24630000 - 0x00007ffa24661000 	C:\WINDOWS\System32\IMM32.DLL
0x00007ffa01450000 - 0x00007ffa01483000 	C:\Program Files (x86)\Panda Security\WAC\PSNMVHookMS64.dll
0x00007ffa24910000 - 0x00007ffa2496d000 	C:\WINDOWS\System32\SHLWAPI.dll
0x00007ffa24770000 - 0x00007ffa24778000 	C:\WINDOWS\System32\PSAPI.DLL
0x00007ff9fedc0000 - 0x00007ff9fee5c000 	C:\Program Files (x86)\Panda Security\WAC\PSNMVTools64.dll
0x00007ffa249e0000 - 0x00007ffa24a8e000 	C:\WINDOWS\System32\ADVAPI32.dll
0x00007ffa255f0000 - 0x00007ffa2568e000 	C:\WINDOWS\System32\sechost.dll
0x00007ffa26040000 - 0x00007ffa26160000 	C:\WINDOWS\System32\RPCRT4.dll
0x00007ffa24a90000 - 0x00007ffa24c2a000 	C:\WINDOWS\System32\ole32.dll
0x00007ffa26160000 - 0x00007ffa264d9000 	C:\WINDOWS\System32\combase.dll
0x00007ffa22890000 - 0x00007ffa228c4000 	C:\WINDOWS\SYSTEM32\ntmarta.dll
0x00007ff9fed50000 - 0x00007ff9fedc0000 	C:\Program Files (x86)\Panda Security\WAC\PSNMVComm64.dll
0x00007ff9fef60000 - 0x00007ff9fef78000 	C:\Program Files (x86)\Panda Security\WAC\PSNMVHookPlg64.dll
0x00007ffa0ab80000 - 0x00007ffa0ac1d000 	C:\Program Files\Android\Android Studio\jre\bin\msvcp140.dll
0x00007ff97e330000 - 0x00007ff97edff000 	C:\Program Files\Android\Android Studio\jre\bin\server\jvm.dll
0x00007ffa19690000 - 0x00007ffa196c3000 	C:\WINDOWS\SYSTEM32\WINMM.dll
0x00007ffa10780000 - 0x00007ffa10789000 	C:\WINDOWS\SYSTEM32\WSOCK32.dll
0x00007ffa18640000 - 0x00007ffa1864a000 	C:\WINDOWS\SYSTEM32\VERSION.dll
0x00007ffa24670000 - 0x00007ffa246df000 	C:\WINDOWS\System32\WS2_32.dll
0x00007ffa22bf0000 - 0x00007ffa22c08000 	C:\WINDOWS\SYSTEM32\kernel.appcore.dll
0x00007ffa0b430000 - 0x00007ffa0b441000 	C:\Program Files\Android\Android Studio\jre\bin\verify.dll
0x00007ffa21480000 - 0x00007ffa216a1000 	C:\WINDOWS\SYSTEM32\DBGHELP.DLL
0x00007ff9f28c0000 - 0x00007ff9f28f1000 	C:\WINDOWS\SYSTEM32\dbgcore.DLL
0x0000017714280000 - 0x00000177142ff000 	C:\WINDOWS\System32\bcryptPrimitives.dll
0x00007ffa0ab50000 - 0x00007ffa0ab79000 	C:\Program Files\Android\Android Studio\jre\bin\java.dll
0x00007ffa0db60000 - 0x00007ffa0db6b000 	C:\Program Files\Android\Android Studio\jre\bin\jimage.dll
0x00007ffa0b410000 - 0x00007ffa0b428000 	C:\Program Files\Android\Android Studio\jre\bin\zip.dll

dbghelp: loaded successfully - version: 4.0.5 - missing functions: none
symbol engine: initialized successfully - sym options: 0x614 - pdb path: .;C:\Program Files\Android\Android Studio\jre\bin;C:\WINDOWS\SYSTEM32;C:\WINDOWS\WinSxS\amd64_microsoft.windows.common-controls_6595b64144ccf1df_6.0.22000.120_none_9d947278b86cc467;C:\Program Files (x86)\Panda Security\WAC;C:\Program Files\Android\Android Studio\jre\bin\server

VM Arguments:
java_command: <unknown>
java_class_path (initial): <not set>
Launcher Type: SUN_STANDARD

[Global flags]
     intx CICompilerCount                          = 4                                         {product} {ergonomic}
     uint ConcGCThreads                            = 2                                         {product} {ergonomic}
     uint G1ConcRefinementThreads                  = 8                                         {product} {ergonomic}
   size_t G1HeapRegionSize                         = 1048576                                   {product} {ergonomic}
    uintx GCDrainStackTargetSize                   = 64                                        {product} {ergonomic}
   size_t InitialHeapSize                          = 266338304                                 {product} {ergonomic}
   size_t MarkStackSize                            = 4194304                                   {product} {ergonomic}
   size_t MaxHeapSize                              = 4234149888                                {product} {ergonomic}
   size_t MinHeapDeltaBytes                        = 1048576                                   {product} {ergonomic}
    uintx NonNMethodCodeHeapSize                   = 5836300                                {pd product} {ergonomic}
    uintx NonProfiledCodeHeapSize                  = 122910970                              {pd product} {ergonomic}
    uintx ProfiledCodeHeapSize                     = 122910970                              {pd product} {ergonomic}
    uintx ReservedCodeCacheSize                    = 251658240                              {pd product} {ergonomic}
     bool SegmentedCodeCache                       = true                                      {product} {ergonomic}
     bool UseCompressedClassPointers               = true                                 {lp64_product} {ergonomic}
     bool UseCompressedOops                        = true                                 {lp64_product} {ergonomic}
     bool UseG1GC                                  = true                                      {product} {ergonomic}
     bool UseLargePagesIndividualAllocation        = false                                  {pd product} {ergonomic}

Logging:
Log output configuration:
 #0: stdout all=warning uptime,level,tags
 #1: stderr all=off uptime,level,tags

Environment Variables:
PATH=C:\Program Files\Common Files\Oracle\Java\javapath;C:\Program Files\Microsoft MPI\Bin\;C:\WINDOWS\system32;C:\WINDOWS;C:\WINDOWS\System32\Wbem;C:\WINDOWS\System32\WindowsPowerShell\v1.0\;C:\WINDOWS\System32\OpenSSH\;C:\Program Files\Microsoft SQL Server\Client SDK\ODBC\170\Tools\Binn\;C:\Program Files (x86)\Microsoft SQL Server\150\Tools\Binn\;C:\Program Files\Microsoft SQL Server\150\Tools\Binn\;C:\Program Files\Microsoft SQL Server\150\DTS\Binn\;C:\Program Files (x86)\Microsoft SQL Server\150\DTS\Binn\;C:\Program Files\Azure Data Studio\bin;C:\ProgramData\chocolatey\bin;C:\Program Files\nodejs\;C:\Program Files\MongoDB\Server\5.0\bin;C:\src\flutter\bin;C:\Users\tps\AppData\Local\Android\Sdk\tools;C:\Users\tps\AppData\Local\Android\Sdk\tools\bin;C:\Program Files\Java\jdk-18\bin;C:\Program Files\PuTTY\;C:\Program Files\dotnet\;C:\Users\tps\AppData\Local\Microsoft\WindowsApps;C:\Users\tps\AppData\Local\Programs\Git\cmd;C:\Users\tps\.dotnet\tools;C:\Program Files\Azure Data Studio\bin;C:\Users\tps\AppData\Local\Programs\Microsoft VS Code\bin;C:\Users\tps\AppData\Roaming\npm;C:\Program Files\MongoDB\Server\5.0\bin;C:\src\flutter\bin;C:\Users\tps\AppData\Local\Android\Sdk\tools;C:\Users\tps\AppData\Local\Android\Sdk\tools\bin;C:\Users\tps\AppData\Local\Android\Sdk\platform-tools;C:\Program Files\Java\jdk-18\bin;;C:\src\flutter\bin\mingit\cmd
USERNAME=tps
OS=Windows_NT
PROCESSOR_IDENTIFIER=Intel64 Family 6 Model 142 Stepping 12, GenuineIntel



---------------  S Y S T E M  ---------------

OS: Windows 10 , 64 bit Build 22000 (10.0.22000.708)
OS uptime: 1 days 20:42 hours

CPU:total 8 (initial active 8) (4 cores per cpu, 2 threads per core) family 6 model 142 stepping 12 microcode 0xea, cmov, cx8, fxsr, mmx, sse, sse2, sse3, ssse3, sse4.1, sse4.2, popcnt, avx, avx2, aes, clmul, erms, 3dnowpref, lzcnt, ht, tsc, tscinvbit, bmi1, bmi2, adx, fma

Memory: 4k page, system-wide physical 16144M (2468M free)
TotalPageFile size 26123M (AvailPageFile size 130M)
current process WorkingSet (physical memory assigned to process): 20M, peak: 20M
current process commit charge ("private bytes"): 324M, peak: 324M

vm_info: OpenJDK 64-Bit Server VM (11.0.10+0-b96-7249189) for windows-amd64 JRE (11.0.10+0-b96-7249189), built on Mar 31 2021 21:44:00 by "builder" with MS VC++ 14.0 (VS2015)

END.
